[16:13:25] [main/INFO]: Setting user: Xanuch
[16:13:27] [Client thread/INFO]: LWJGL Version: 2.9.1
[16:13:28] [Twitch authenticator/ERROR]: Given twitch access token is invalid
[16:14:01] [Client thread/INFO]: Reloading ResourceManager: Default, FMLFileResourcePack:Forge Mod Loader, FMLFileResourcePack:Minecraft Forge, FMLFileResourcePack:Not Enough Items, FMLFileResourcePack:Malisis Core, FMLFileResourcePack:Damage Indicators, FMLFileResourcePack:IC2 Advanced Machines Addon, FMLFileResourcePack:Another One Bites The Dust, FMLFileResourcePack:AppleCore, FMLFileResourcePack:Applied Energistics 2, FMLFileResourcePack:Aroma1997Core|Helper, FMLFileResourcePack:Aroma1997's Dimensional World, FMLFileResourcePack:Backpack, FMLFileResourcePack:BD Lib, FMLFileResourcePack:BetterChests, FMLFileResourcePack:BiblioCraft, FMLFileResourcePack:BiblioWoods Biomes O'Plenty Edition, FMLFileResourcePack:BiblioWoods Forestry Edition, FMLFileResourcePack:BiblioWoods Natura Edition, FMLFileResourcePack:Botany, FMLFileResourcePack:Binnie Core, FMLFileResourcePack:Extra Bees, FMLFileResourcePack:Extra Trees, FMLFileResourcePack:Genetics, FMLFileResourcePack:Biomes O' Plenty, FMLFileResourcePack:Blood Magic: Alchemical Wizardry, FMLFileResourcePack:Botania, FMLFileResourcePack:BC Silicon, FMLFileResourcePack:BuildCraft, FMLFileResourcePack:BC Transport, FMLFileResourcePack:BC Builders, FMLFileResourcePack:BC Energy, FMLFileResourcePack:BC Factory, FMLFileResourcePack:Carpenter's Blocks, FMLFileResourcePack:ChickenChunks, FMLFileResourcePack:Chisel 2, FMLFileResourcePack:ChromatiCraft, FMLFileResourcePack:CoFH Core, FMLFileResourcePack:ComputerCraft, FMLFileResourcePack:DragonAPI, FMLFileResourcePack:ElectriCraft, FMLFileResourcePack:Enchiridion, FMLFileResourcePack:Ender IO, FMLFileResourcePack:EnderStorage, FMLFileResourcePack:EnderTech, FMLFileResourcePack:Ender Zoo, FMLFileResourcePack:EnhancedPortals, FMLFileResourcePack:ExtraButtons, FMLFileResourcePack:ExtraCells, FMLFileResourcePack:ExtraTiC, FMLFileResourcePack:Extra Utilities, FMLFileResourcePack:Familiars API, FMLFileResourcePack:DefaultMobPack, FMLFileResourcePack:ExtendedFamPack, FMLFileResourcePack:HerobrineFamPack, FMLFileResourcePack:FastCraft, FMLFileResourcePack:Fluxed-Crystals, FMLFileResourcePack:Forbidden Magic, FMLFileResourcePack:Forestry for Minecraft, FMLFileResourcePack:Forestry Extras, FMLFileResourcePack:FoxLib, FMLFileResourcePack:Funky Locomotion, FMLFileResourcePack:Gany's End, FMLFileResourcePack:Gany's Nether, FMLFileResourcePack:Gany's Surface, FMLFileResourcePack:GenDustry, FMLFileResourcePack:GraviGun, FMLFileResourcePack:Hats, FMLFileResourcePack:Hunger Overhaul, FMLFileResourcePack:Nuclear Control 2, FMLFileResourcePack:iChunUtil, FMLFileResourcePack:Iguana Tinker Tweaks, FMLFileResourcePack:In-Game wiki Mod, FMLFileResourcePack:IHL Tools & Machines for IC2V2, FMLFileResourcePack:IndustrialCraft 2, FMLFileResourcePack:Infernal Mobs, FMLFileResourcePack:Inventory Tweaks, FMLFileResourcePack:Iron Chest, FMLFileResourcePack:JABBA, FMLFileResourcePack:JourneyMap, FMLFileResourcePack:Logistics Pipes, FMLFileResourcePack:Magical Crops, FMLFileResourcePack:Magic Bees, FMLFileResourcePack:Malisis' Doors, FMLFileResourcePack:Mantle, FMLFileResourcePack:Mariculture, FMLFileResourcePack:Marine Technlogy, FMLFileResourcePack:Mekanism, FMLFileResourcePack:MekanismGenerators, FMLFileResourcePack:MekanismTools, FMLFileResourcePack:Metallurgy 4, FMLFileResourcePack:Metallurgy Core, FMLFileResourcePack:Minechem, FMLFileResourcePack:MineFactory Reloaded, FMLFileResourcePack:MFR Compat: Applied Energistics, FMLFileResourcePack:MFR Compat: Atum, FMLFileResourcePack:MFR Compat: BackTools, FMLFileResourcePack:MFR Compat: BuildCraft, FMLFileResourcePack:MFR Compat: Chococraft, FMLFileResourcePack:MFR Compat: ExtraBiomes, FMLFileResourcePack:MFR Compat: Forestry, FMLFileResourcePack:MFR Compat: ForgeMicroblock, FMLFileResourcePack:MFR Compat: IC2, FMLFileResourcePack:MFR Compat: Mystcraft, FMLFileResourcePack:MFR Compat ProjectRed, FMLFileResourcePack:MFR Compat: Railcraft, FMLFileResourcePack:MFR Compat: Sufficient Biomes, FMLFileResourcePack:MFR Compat: Thaumcraft, FMLFileResourcePack:MFR Compat: Thermal Expansion, FMLFileResourcePack:MFR Compat: Tinkers' Construct, FMLFileResourcePack:MFR Compat: TwilightForest, FMLFileResourcePack:MFR Compat: Vanilla, FMLFileResourcePack:MFR Compat: MagicalCrops, FMLFileResourcePack:MineTweaker 3, FMLFileResourcePack:MobAmputation, FMLFileResourcePack:MobDismemberment, FMLFileResourcePack:Morph, FMLFileResourcePack:Morpheus, FMLFileResourcePack:Mystcraft, FMLFileResourcePack:Natura, FMLFileResourcePack:NEI Addons, FMLFileResourcePack:NEI Addons: Botany, FMLFileResourcePack:NEI Addons: Forestry, FMLFileResourcePack:NEI Addons: Crafting Tables, FMLFileResourcePack:NEI Addons: Ex Nihilo, FMLFileResourcePack:NEI Plugins Unofficial, FMLFileResourcePack:Nether Ores, FMLFileResourcePack:ObsidiPlates, FMLFileResourcePack:OpenBlocks, FMLFileResourcePack:OpenComputers, FMLFileResourcePack:OpenMods, FMLFileResourcePack:OpenPeripheralAddons, FMLFileResourcePack:OpenPeripheralCore, FMLFileResourcePack:OpenPeripheralIntegration, FMLFileResourcePack:Pam's HarvestCraft, FMLFileResourcePack:PneumaticCraft, FMLFileResourcePack:PortalGun, FMLFileResourcePack:Power Converters, FMLFileResourcePack:Practicalities, FMLFileResourcePack:Progressive Automation, FMLFileResourcePack:Project Blue, FMLFileResourcePack:ProjectRed, FMLFileResourcePack:ProjectRed-Compatibility, FMLFileResourcePack:ProjectRed-Integration, FMLFileResourcePack:ProjectRed-Transmission, FMLFileResourcePack:ProjectRed-Illumination, FMLFileResourcePack:ProjectRed-Expansion, FMLFileResourcePack:ProjectRed-Transportation, FMLFileResourcePack:ProjectRed-Exploration, FMLFileResourcePack:Railcraft, FMLFileResourcePack:Random Things, FMLFileResourcePack:ReactorCraft, FMLFileResourcePack:Redstone Arsenal, FMLFileResourcePack:Roguelike Dungeons, FMLFileResourcePack:RotaryCraft, FMLFileResourcePack:Simply Jetpacks, FMLFileResourcePack:Slimevoid Library, FMLFileResourcePack:Smart Moving, FMLFileResourcePack:Smart Render, FMLFileResourcePack:Solar Flux, FMLFileResourcePack:Steve's Carts 2, FMLFileResourcePack:Steve's Factory Manager, FMLFileResourcePack:Super Crafting Frame, FMLFileResourcePack:Sync, FMLFileResourcePack:Tails, FMLFileResourcePack:Tinkers' Construct, FMLFileResourcePack:Thaumcraft, FMLFileResourcePack:Thaumic Exploration, FMLFileResourcePack:Thaumic Tinkerer, FMLFileResourcePack:Thermal Dynamics, FMLFileResourcePack:Thermal Expansion, FMLFileResourcePack:Thermal Foundation, FMLFileResourcePack:TiC Tooltips, FMLFileResourcePack:Tinkers' Mechworks, FMLFileResourcePack:Translocator, FMLFileResourcePack:ttCore, FMLFileResourcePack:Waila, FMLFileResourcePack:Waila Harvestability, FMLFileResourcePack:WaslieCore, FMLFileResourcePack:What Are We Looking At, FMLFileResourcePack:Witchery, FMLFileResourcePack:WR-CBE Core, FMLFileResourcePack:WR-CBE Addons, FMLFileResourcePack:WR-CBE Logic, FMLFileResourcePack:Baubles, FMLFileResourcePack:Forge Microblocks, FMLFileResourcePack:Forge Multipart, FMLFileResourcePack:Minecraft Multipart Plugin, FMLFileResourcePack:MrTJPCore
[16:14:01] [Client thread/WARN]: ResourcePack: ignored non-lowercase namespace: %s in %s
[16:14:01] [Client thread/WARN]: ResourcePack: ignored non-lowercase namespace: %s in %s
[16:14:01] [Client thread/WARN]: ResourcePack: ignored non-lowercase namespace: %s in %s
[16:14:01] [Client thread/WARN]: ResourcePack: ignored non-lowercase namespace: %s in %s
[16:14:01] [Client thread/WARN]: ResourcePack: ignored non-lowercase namespace: %s in %s
[16:14:01] [Client thread/WARN]: ResourcePack: ignored non-lowercase namespace: %s in %s
[16:14:01] [Client thread/WARN]: ResourcePack: ignored non-lowercase namespace: %s in %s
[16:14:01] [Client thread/WARN]: ResourcePack: ignored non-lowercase namespace: %s in %s
[16:14:01] [Client thread/WARN]: ResourcePack: ignored non-lowercase namespace: %s in %s
[16:14:01] [Client thread/WARN]: ResourcePack: ignored non-lowercase namespace: %s in %s
[16:14:01] [Client thread/WARN]: ResourcePack: ignored non-lowercase namespace: %s in %s
[16:14:01] [Client thread/WARN]: ResourcePack: ignored non-lowercase namespace: %s in %s
[16:14:01] [Client thread/WARN]: ResourcePack: ignored non-lowercase namespace: %s in %s
[16:14:02] [Client thread/WARN]: ResourcePack: ignored non-lowercase namespace: %s in %s
[16:14:02] [Client thread/WARN]: ResourcePack: ignored non-lowercase namespace: %s in %s
[16:14:53] [Sound Library Loader/INFO]: Sound engine started
[16:14:58] [Client thread/ERROR]: Using missing texture, unable to load chromaticraft:textures/blocks/ore/tier_1_geode.png, java.io.FileNotFoundException
[16:14:58] [Client thread/ERROR]: Using missing texture, unable to load minecraft:textures/blocks/MISSING_ICON_BLOCK_1927_crystal.fence.png, java.io.FileNotFoundException
[16:14:58] [Client thread/ERROR]: Using missing texture, unable to load thaumicexploration:textures/blocks/soulBrazier.png, java.io.FileNotFoundException
[16:14:58] [Client thread/ERROR]: Using missing texture, unable to load chromaticraft:textures/blocks/plant/tierplant_9_front.png, java.io.FileNotFoundException
[16:14:58] [Client thread/ERROR]: Using missing texture, unable to load chromaticraft:textures/blocks/ore/tier_7_overlay.png, java.io.FileNotFoundException
[16:14:58] [Client thread/ERROR]: Using missing texture, unable to load chromaticraft:textures/blocks/ore/tier_10_overlay.png, java.io.FileNotFoundException
[16:14:58] [Client thread/ERROR]: Using missing texture, unable to load chromaticraft:textures/blocks/plant/decoplant_15_front.png, java.io.FileNotFoundException
[16:14:58] [Client thread/ERROR]: Using missing texture, unable to load ttinkerer:textures/blocks/repairer.png, java.io.FileNotFoundException
[16:14:58] [Client thread/ERROR]: Using missing texture, unable to load chromaticraft:textures/blocks/plant/tierplant_8_front.png, java.io.FileNotFoundException
[16:14:58] [Client thread/ERROR]: Using missing texture, unable to load minecraft:textures/blocks/MISSING_ICON_BLOCK_520_bookshelf.png, java.io.FileNotFoundException
[16:14:59] [Client thread/ERROR]: Using missing texture, unable to load chromaticraft:textures/blocks/ore/tier_13_overlay.png, java.io.FileNotFoundException
[16:14:59] [Client thread/ERROR]: Using missing texture, unable to load minecraft:textures/blocks/MISSING_ICON_BLOCK_855_blockSpellEnhancement.png, java.io.FileNotFoundException
[16:14:59] [Client thread/ERROR]: Using missing texture, unable to load minecraft:textures/blocks/MISSING_ICON_BLOCK_2077_extracells.block.walrus.png, java.io.FileNotFoundException
[16:14:59] [Client thread/ERROR]: Using missing texture, unable to load extrautils:textures/blocks/quarry_upgrades/quarryUpgrade14.png, java.io.FileNotFoundException
[16:14:59] [Client thread/ERROR]: Using missing texture, unable to load extrautils:textures/blocks/quarry_upgrades/quarryUpgrade13.png, java.io.FileNotFoundException
[16:14:59] [Client thread/ERROR]: Using missing texture, unable to load extrautils:textures/blocks/quarry_upgrades/quarryUpgrade15.png, java.io.FileNotFoundException
[16:14:59] [Client thread/ERROR]: Using missing texture, unable to load extrautils:textures/blocks/quarry_upgrades/quarryUpgrade10.png, java.io.FileNotFoundException
[16:14:59] [Client thread/ERROR]: Using missing texture, unable to load extrautils:textures/blocks/quarry_upgrades/quarryUpgrade12.png, java.io.FileNotFoundException
[16:14:59] [Client thread/ERROR]: Using missing texture, unable to load extrautils:textures/blocks/quarry_upgrades/quarryUpgrade11.png, java.io.FileNotFoundException
[16:14:59] [Client thread/ERROR]: Using missing texture, unable to load chromaticraft:textures/blocks/tile/liquifier_side.png, java.io.FileNotFoundException
[16:14:59] [Client thread/ERROR]: Using missing texture, unable to load chromaticraft:textures/blocks/plant/decoplant_6_back.png, java.io.FileNotFoundException
[16:14:59] [Client thread/ERROR]: Using missing texture, unable to load chromaticraft:textures/blocks/plant/tierplant_7_front.png, java.io.FileNotFoundException
[16:14:59] [Client thread/ERROR]: Using missing texture, unable to load chromaticraft:textures/blocks/plant/tierplant_6_back.png, java.io.FileNotFoundException
[16:14:59] [Client thread/ERROR]: Using missing texture, unable to load chromaticraft:textures/blocks/plant/decoplant_13_front.png, java.io.FileNotFoundException
[16:14:59] [Client thread/ERROR]: Using missing texture, unable to load chromaticraft:textures/blocks/plant/tierplant_11_back.png, java.io.FileNotFoundException
[16:15:00] [Client thread/ERROR]: Using missing texture, unable to load minecraft:textures/blocks/MISSING_ICON_BLOCK_1923_dye.grass_side_overlay.png, java.io.FileNotFoundException
[16:15:00] [Client thread/ERROR]: Using missing texture, unable to load chromaticraft:textures/blocks/plant/decoplant_10_back.png, java.io.FileNotFoundException
[16:15:00] [Client thread/ERROR]: Using missing texture, unable to load chromaticraft:textures/blocks/ore/tier_14_underlay.png, java.io.FileNotFoundException
[16:15:00] [Client thread/ERROR]: Using missing texture, unable to load chromaticraft:textures/blocks/plant/decoplant_3_back.png, java.io.FileNotFoundException
[16:15:00] [Client thread/ERROR]: Using missing texture, unable to load chromaticraft:textures/blocks/ore/tier_6_overlay.png, java.io.FileNotFoundException
[16:15:00] [Client thread/ERROR]: Using missing texture, unable to load chromaticraft:textures/blocks/plant/tierplant_5_front.png, java.io.FileNotFoundException
[16:15:00] [Client thread/ERROR]: Using missing texture, unable to load chromaticraft:textures/blocks/ore/tier_6_underlay.png, java.io.FileNotFoundException
[16:15:00] [Client thread/ERROR]: Using missing texture, unable to load minecraft:textures/blocks/MISSING_ICON_BLOCK_857_blockSpellEffect.png, java.io.FileNotFoundException
[16:15:00] [Client thread/ERROR]: Using missing texture, unable to load chromaticraft:textures/blocks/plant/decoplant_8_back.png, java.io.FileNotFoundException
[16:15:00] [Client thread/ERROR]: Using missing texture, unable to load chromaticraft:textures/blocks/ore/tier_14_overlay.png, java.io.FileNotFoundException
[16:15:00] [Client thread/ERROR]: Using missing texture, unable to load chromaticraft:textures/blocks/plant/decoplant_10_front.png, java.io.FileNotFoundException
[16:15:00] [Client thread/ERROR]: Using missing texture, unable to load chromaticraft:textures/blocks/plant/decoplant_11_front.png, java.io.FileNotFoundException
[16:15:00] [Client thread/ERROR]: Using missing texture, unable to load chromaticraft:textures/blocks/transparent.png, java.io.FileNotFoundException
[16:15:00] [Client thread/ERROR]: Using missing texture, unable to load chromaticraft:textures/blocks/ore/tier_14_geode.png, java.io.FileNotFoundException
[16:15:00] [Client thread/ERROR]: Using missing texture, unable to load chromaticraft:textures/blocks/plant/decoplant_12_front.png, java.io.FileNotFoundException
[16:15:00] [Client thread/ERROR]: Using missing texture, unable to load chromaticraft:textures/blocks/plant/tierplant_6_front.png, java.io.FileNotFoundException
[16:15:00] [Client thread/ERROR]: Using missing texture, unable to load chromaticraft:textures/blocks/plant/tierplant_11_front.png, java.io.FileNotFoundException
[16:15:00] [Client thread/ERROR]: Using missing texture, unable to load chromaticraft:textures/blocks/ore/tier_15_underlay.png, java.io.FileNotFoundException
[16:15:00] [Client thread/ERROR]: Using missing texture, unable to load minecraft:textures/blocks/MISSING_ICON_BLOCK_863_crystalBelljar.png, java.io.FileNotFoundException
[16:15:00] [Client thread/ERROR]: Using missing texture, unable to load chromaticraft:textures/blocks/ore/tier_7_geode.png, java.io.FileNotFoundException
[16:15:01] [Client thread/ERROR]: Using missing texture, unable to load chromaticraft:textures/blocks/ore/tier_10_underlay.png, java.io.FileNotFoundException
[16:15:01] [Client thread/ERROR]: Using missing texture, unable to load chromaticraft:textures/blocks/plant/tierplant_14_back.png, java.io.FileNotFoundException
[16:15:01] [Client thread/ERROR]: Using missing texture, unable to load chromaticraft:textures/blocks/plant/decoplant_7_front.png, java.io.FileNotFoundException
[16:15:01] [Client thread/ERROR]: Using missing texture, unable to load chromaticraft:textures/blocks/ore/tier_15_geode.png, java.io.FileNotFoundException
[16:15:01] [Client thread/ERROR]: Using missing texture, unable to load chromaticraft:textures/blocks/plant/decoplant_14_back.png, java.io.FileNotFoundException
[16:15:01] [Client thread/ERROR]: Using missing texture, unable to load chromaticraft:textures/blocks/plant/tierplant_9_back.png, java.io.FileNotFoundException
[16:15:01] [Client thread/ERROR]: Using missing texture, unable to load chromaticraft:textures/blocks/ore/tier_8_geode.png, java.io.FileNotFoundException
[16:15:01] [Client thread/ERROR]: Using missing texture, unable to load chromaticraft:textures/blocks/plant/decoplant_11_back.png, java.io.FileNotFoundException
[16:15:01] [Client thread/ERROR]: Using missing texture, unable to load extracells:textures/blocks/fluid.filler.png, java.io.FileNotFoundException
[16:15:01] [Client thread/ERROR]: Using missing texture, unable to load chromaticraft:textures/blocks/plant/tierplant_10_front.png, java.io.FileNotFoundException
[16:15:01] [Client thread/ERROR]: Using missing texture, unable to load minecraft:textures/blocks/planks.png, java.io.FileNotFoundException
[16:15:01] [Client thread/ERROR]: Using missing texture, unable to load chromaticraft:textures/blocks/icons/turbo.png, java.io.FileNotFoundException
[16:15:01] [Client thread/ERROR]: Using missing texture, unable to load chromaticraft:textures/blocks/plant/decoplant_6_front.png, java.io.FileNotFoundException
[16:15:01] [Client thread/ERROR]: Using missing texture, unable to load chromaticraft:textures/blocks/dimgen/overlay_5.png, java.io.FileNotFoundException
[16:15:01] [Client thread/ERROR]: Using missing texture, unable to load chromaticraft:textures/blocks/dimgen/overlay_6.png, java.io.FileNotFoundException
[16:15:01] [Client thread/ERROR]: Using missing texture, unable to load chromaticraft:textures/blocks/dimgen/overlay_7.png, java.io.FileNotFoundException
[16:15:01] [Client thread/ERROR]: Using missing texture, unable to load chromaticraft:textures/blocks/dimgen/overlay_8.png, java.io.FileNotFoundException
[16:15:01] [Client thread/ERROR]: Using missing texture, unable to load chromaticraft:textures/blocks/dimgen/overlay_2.png, java.io.FileNotFoundException
[16:15:01] [Client thread/ERROR]: Using missing texture, unable to load chromaticraft:textures/blocks/dimgen/overlay_3.png, java.io.FileNotFoundException
[16:15:01] [Client thread/ERROR]: Using missing texture, unable to load chromaticraft:textures/blocks/dimgen/overlay_4.png, java.io.FileNotFoundException
[16:15:01] [Client thread/ERROR]: Using missing texture, unable to load chromaticraft:textures/blocks/dimgen/overlay_9.png, java.io.FileNotFoundException
[16:15:01] [Client thread/ERROR]: Using missing texture, unable to load extrautils:textures/blocks/enderQuarryUpgrade.png, java.io.FileNotFoundException
[16:15:02] [Client thread/ERROR]: Using missing texture, unable to load chromaticraft:textures/blocks/ore/tier_15_overlay.png, java.io.FileNotFoundException
[16:15:02] [Client thread/ERROR]: Using missing texture, unable to load chromaticraft:textures/blocks/plant/decoplant_4_back.png, java.io.FileNotFoundException
[16:15:02] [Client thread/ERROR]: Using missing texture, unable to load chromaticraft:textures/blocks/plant/decoplant_1_back.png, java.io.FileNotFoundException
[16:15:02] [Client thread/ERROR]: Using missing texture, unable to load minecraft:textures/blocks/MISSING_ICON_BLOCK_1942_chroma.voidrift.png, java.io.FileNotFoundException
[16:15:02] [Client thread/ERROR]: Using missing texture, unable to load chromaticraft:textures/blocks/plant/decoplant_3_front.png, java.io.FileNotFoundException
[16:15:02] [Client thread/ERROR]: Using missing texture, unable to load chromaticraft:textures/blocks/plant/tierplant_5_back.png, java.io.FileNotFoundException
[16:15:02] [Client thread/ERROR]: Using missing texture, unable to load chromaticraft:textures/blocks/plant/decoplant_7_back.png, java.io.FileNotFoundException
[16:15:02] [Client thread/ERROR]: Using missing texture, unable to load ttinkerer:textures/blocks/magnet.png, java.io.FileNotFoundException
[16:15:02] [Client thread/ERROR]: Using missing texture, unable to load chromaticraft:textures/blocks/ore/tier_9_geode.png, java.io.FileNotFoundException
[16:15:02] [Client thread/ERROR]: Using missing texture, unable to load chromaticraft:textures/blocks/plant/tierplant_10_back.png, java.io.FileNotFoundException
[16:15:02] [Client thread/ERROR]: Using missing texture, unable to load chromaticraft:textures/blocks/plant/decoplant_5_front.png, java.io.FileNotFoundException
[16:15:02] [Client thread/ERROR]: Using missing texture, unable to load chromaticraft:textures/blocks/plant/decoplant_12_back.png, java.io.FileNotFoundException
[16:15:02] [Client thread/ERROR]: Using missing texture, unable to load thaumicexploration:textures/blocks/metalbase.png, java.io.FileNotFoundException
[16:15:02] [Client thread/ERROR]: Using missing texture, unable to load chromaticraft:textures/blocks/ore/tier_12_overlay.png, java.io.FileNotFoundException
[16:15:02] [Client thread/ERROR]: Using missing texture, unable to load minecraft:textures/blocks/MISSING_ICON_BLOCK_1923_dye.grass_side.png, java.io.FileNotFoundException
[16:15:02] [Client thread/ERROR]: Using missing texture, unable to load chromaticraft:textures/blocks/plant/tierplant_15_front.png, java.io.FileNotFoundException
[16:15:02] [Client thread/ERROR]: Using missing texture, unable to load chromaticraft:textures/blocks/plant/decoplant_15_back.png, java.io.FileNotFoundException
[16:15:03] [Client thread/ERROR]: Using missing texture, unable to load chromaticraft:textures/blocks/plant/tierplant_13_back.png, java.io.FileNotFoundException
[16:15:03] [Client thread/ERROR]: Using missing texture, unable to load chromaticraft:textures/blocks/plant/decoplant_8_front.png, java.io.FileNotFoundException
[16:15:03] [Client thread/ERROR]: Using missing texture, unable to load chromaticraft:textures/blocks/dimgen/underlay_0.png, java.io.FileNotFoundException
[16:15:03] [Client thread/ERROR]: Using missing texture, unable to load chromaticraft:textures/blocks/ore/tier_8_overlay.png, java.io.FileNotFoundException
[16:15:03] [Client thread/ERROR]: Using missing texture, unable to load minecraft:textures/blocks/MISSING_ICON_BLOCK_1923_dye.grass_side_snowed.png, java.io.FileNotFoundException
[16:15:03] [Client thread/ERROR]: Using missing texture, unable to load chromaticraft:textures/blocks/dimgen/underlay_8.png, java.io.FileNotFoundException
[16:15:03] [Client thread/ERROR]: Using missing texture, unable to load chromaticraft:textures/blocks/dimgen/underlay_7.png, java.io.FileNotFoundException
[16:15:03] [Client thread/ERROR]: Using missing texture, unable to load chromaticraft:textures/blocks/dimgen/underlay_6.png, java.io.FileNotFoundException
[16:15:03] [Client thread/ERROR]: Using missing texture, unable to load chromaticraft:textures/blocks/dimgen/underlay_5.png, java.io.FileNotFoundException
[16:15:03] [Client thread/ERROR]: Using missing texture, unable to load chromaticraft:textures/blocks/dimgen/underlay_4.png, java.io.FileNotFoundException
[16:15:03] [Client thread/ERROR]: Using missing texture, unable to load chromaticraft:textures/blocks/dimgen/underlay_3.png, java.io.FileNotFoundException
[16:15:03] [Client thread/ERROR]: Using missing texture, unable to load chromaticraft:textures/blocks/dimgen/underlay_2.png, java.io.FileNotFoundException
[16:15:03] [Client thread/ERROR]: Using missing texture, unable to load chromaticraft:textures/blocks/dimgen/underlay_9.png, java.io.FileNotFoundException
[16:15:03] [Client thread/ERROR]: Using missing texture, unable to load chromaticraft:textures/blocks/dimgen/underlay_14.png, java.io.FileNotFoundException
[16:15:03] [Client thread/ERROR]: Using missing texture, unable to load chromaticraft:textures/blocks/dimgen/underlay_15.png, java.io.FileNotFoundException
[16:15:03] [Client thread/ERROR]: Using missing texture, unable to load chromaticraft:textures/blocks/dimgen/underlay_12.png, java.io.FileNotFoundException
[16:15:03] [Client thread/ERROR]: Using missing texture, unable to load chromaticraft:textures/blocks/dimgen/underlay_13.png, java.io.FileNotFoundException
[16:15:03] [Client thread/ERROR]: Using missing texture, unable to load chromaticraft:textures/blocks/dimgen/underlay_10.png, java.io.FileNotFoundException
[16:15:03] [Client thread/ERROR]: Using missing texture, unable to load chromaticraft:textures/blocks/dimgen/underlay_11.png, java.io.FileNotFoundException
[16:15:03] [Client thread/ERROR]: Using missing texture, unable to load chromaticraft:textures/blocks/plant/decoplant_4_front.png, java.io.FileNotFoundException
[16:15:03] [Client thread/ERROR]: Using missing texture, unable to load chromaticraft:textures/blocks/plant/tierplant_8_back.png, java.io.FileNotFoundException
[16:15:03] [Client thread/ERROR]: Using missing texture, unable to load chromaticraft:textures/blocks/ore/tier_7_underlay.png, java.io.FileNotFoundException
[16:15:03] [Client thread/ERROR]: Using missing texture, unable to load chromaticraft:textures/blocks/tile/liquifier_top.png, java.io.FileNotFoundException
[16:15:03] [Client thread/ERROR]: Using missing texture, unable to load minecraft:textures/blocks/MISSING_ICON_BLOCK_866_blockMimic.png, java.io.FileNotFoundException
[16:15:03] [Client thread/ERROR]: Using missing texture, unable to load chromaticraft:textures/blocks/ore/tier_12_underlay.png, java.io.FileNotFoundException
[16:15:03] [Client thread/ERROR]: Using missing texture, unable to load chromaticraft:textures/blocks/ore/tier_13_geode.png, java.io.FileNotFoundException
[16:15:03] [Client thread/ERROR]: Using missing texture, unable to load chromaticraft:textures/blocks/plant/tierplant_12_front.png, java.io.FileNotFoundException
[16:15:03] [Client thread/ERROR]: Using missing texture, unable to load chromaticraft:textures/blocks/plant/tierplant_12_back.png, java.io.FileNotFoundException
[16:15:03] [Client thread/ERROR]: Using missing texture, unable to load minecraft:textures/blocks/MISSING_ICON_BLOCK_856_blockSpellModifier.png, java.io.FileNotFoundException
[16:15:03] [Client thread/ERROR]: Using missing texture, unable to load minecraft:textures/blocks/MISSING_ICON_BLOCK_862_alchemicCalcinator.png, java.io.FileNotFoundException
[16:15:03] [Client thread/ERROR]: Using missing texture, unable to load chromaticraft:textures/blocks/plant/tierplant_7_back.png, java.io.FileNotFoundException
[16:15:03] [Client thread/ERROR]: Using missing texture, unable to load chromaticraft:textures/blocks/plant/tierplant_13_front.png, java.io.FileNotFoundException
[16:15:03] [Client thread/ERROR]: Using missing texture, unable to load chromaticraft:textures/blocks/plant/decoplant_13_back.png, java.io.FileNotFoundException
[16:15:03] [Client thread/ERROR]: Using missing texture, unable to load minecraft:textures/blocks/MISSING_ICON_BLOCK_1923_dye.grass_top.png, java.io.FileNotFoundException
[16:15:03] [Client thread/ERROR]: Using missing texture, unable to load chromaticraft:textures/blocks/plant/decoplant_5_back.png, java.io.FileNotFoundException
[16:15:03] [Client thread/ERROR]: Using missing texture, unable to load chromaticraft:textures/blocks/plant/tierplant_15_back.png, java.io.FileNotFoundException
[16:15:03] [Client thread/ERROR]: Using missing texture, unable to load chromaticraft:textures/blocks/ore/tier_5_geode.png, java.io.FileNotFoundException
[16:15:03] [Client thread/ERROR]: Using missing texture, unable to load chromaticraft:textures/blocks/plant/decoplant_9_front.png, java.io.FileNotFoundException
[16:15:03] [Client thread/ERROR]: Using missing texture, unable to load chromaticraft:textures/blocks/plant/decoplant_1_front.png, java.io.FileNotFoundException
[16:15:04] [Client thread/ERROR]: Using missing texture, unable to load chromaticraft:textures/blocks/plant/decoplant_2_front.png, java.io.FileNotFoundException
[16:15:04] [Client thread/ERROR]: Using missing texture, unable to load minecraft:textures/blocks/MISSING_ICON_BLOCK_1937_chroma.loot.png, java.io.FileNotFoundException
[16:15:04] [Client thread/ERROR]: Using missing texture, unable to load chromaticraft:textures/blocks/plant/0_7.png, java.io.FileNotFoundException
[16:15:04] [Client thread/ERROR]: Using missing texture, unable to load chromaticraft:textures/blocks/plant/0_6.png, java.io.FileNotFoundException
[16:15:04] [Client thread/ERROR]: Using missing texture, unable to load chromaticraft:textures/blocks/plant/0_5.png, java.io.FileNotFoundException
[16:15:04] [Client thread/ERROR]: Using missing texture, unable to load chromaticraft:textures/blocks/plant/tierplant_14_front.png, java.io.FileNotFoundException
[16:15:04] [Client thread/ERROR]: Using missing texture, unable to load chromaticraft:textures/blocks/plant/decoplant_14_front.png, java.io.FileNotFoundException
[16:15:04] [Client thread/ERROR]: Using missing texture, unable to load chromaticraft:textures/blocks/plant/decoplant_2_back.png, java.io.FileNotFoundException
[16:15:04] [Client thread/ERROR]: Using missing texture, unable to load minecraft:textures/blocks/MISSING_ICON_BLOCK_1938_chroma.portal.png, java.io.FileNotFoundException
[16:15:04] [Client thread/ERROR]: Using missing texture, unable to load minecraft:textures/blocks/MISSING_ICON_BLOCK_854_blockSpellParadigm.png, java.io.FileNotFoundException
[16:15:04] [Client thread/ERROR]: Using missing texture, unable to load chromaticraft:textures/blocks/ore/tier_8_underlay.png, java.io.FileNotFoundException
[16:15:04] [Client thread/ERROR]: Using missing texture, unable to load minecraft:textures/blocks/MISSING_ICON_BLOCK_860_schematicSaver.png, java.io.FileNotFoundException
[16:15:04] [Client thread/ERROR]: Using missing texture, unable to load chromaticraft:textures/blocks/dimgen/overlay_15.png, java.io.FileNotFoundException
[16:15:04] [Client thread/ERROR]: Using missing texture, unable to load chromaticraft:textures/blocks/dimgen/overlay_14.png, java.io.FileNotFoundException
[16:15:04] [Client thread/ERROR]: Using missing texture, unable to load chromaticraft:textures/blocks/dimgen/overlay_13.png, java.io.FileNotFoundException
[16:15:04] [Client thread/ERROR]: Using missing texture, unable to load chromaticraft:textures/blocks/dimgen/overlay_12.png, java.io.FileNotFoundException
[16:15:04] [Client thread/ERROR]: Using missing texture, unable to load chromaticraft:textures/blocks/dimgen/overlay_11.png, java.io.FileNotFoundException
[16:15:04] [Client thread/ERROR]: Using missing texture, unable to load chromaticraft:textures/blocks/dimgen/overlay_10.png, java.io.FileNotFoundException
[16:15:04] [Client thread/ERROR]: Using missing texture, unable to load chromaticraft:textures/blocks/ore/tier_11_geode.png, java.io.FileNotFoundException
[16:15:04] [Client thread/ERROR]: Using missing texture, unable to load chromaticraft:textures/blocks/plant/decoplant_9_back.png, java.io.FileNotFoundException
[16:15:04] [Client thread/ERROR]: Using missing texture, unable to load chromaticraft:textures/blocks/ore/tier_13_underlay.png, java.io.FileNotFoundException
[16:15:04] [Client thread/ERROR]: Using missing texture, unable to load chromaticraft:textures/blocks/tile/liquifier_bottom.png, java.io.FileNotFoundException
[16:15:04] [Client thread/INFO]: textures/blocks: dropping miplevel from 4 to 2, because of minTexel: 4
[16:15:05] [Client thread/INFO]: Created: 4096x2048 textures/blocks-atlas
[16:15:06] [Client thread/ERROR]: Using missing texture, unable to load pneumaticcraft:textures/items/cannonBarrel.png, java.io.FileNotFoundException
[16:15:06] [Client thread/ERROR]: Using missing texture, unable to load randomthings:textures/items/ginto.png, java.io.FileNotFoundException
[16:15:07] [Client thread/ERROR]: Using missing texture, unable to load alchemicalwizardry:textures/items/guide.png, java.io.FileNotFoundException
[16:15:07] [Client thread/ERROR]: Using missing texture, unable to load extrabees:textures/items/misc/blutoniumDust.png, java.io.FileNotFoundException
[16:15:07] [Client thread/ERROR]: Using missing texture, unable to load missing_icon_item_6591_extrautils:textures/items/microblocks.png, java.io.FileNotFoundException
[16:15:07] [Client thread/ERROR]: Using missing texture, unable to load minecraft:textures/items/MISSING_ICON_ITEM_5992_item.bedrocksword.png, java.io.FileNotFoundException
[16:15:07] [Client thread/ERROR]: Using missing texture, unable to load minecraft:textures/items/MISSING_ICON_ITEM_5993_item.steelsword.png, java.io.FileNotFoundException
[16:15:07] [Client thread/ERROR]: Using missing texture, unable to load minecraft:textures/items/MISSING_ICON_ITEM_5994_item.bedrockshears.png, java.io.FileNotFoundException
[16:15:07] [Client thread/ERROR]: Using missing texture, unable to load minefactoryreloaded:textures/items/item.mfr.rednet.meter.debug.png, java.io.FileNotFoundException
[16:15:07] [Client thread/ERROR]: Using missing texture, unable to load minecraft:textures/items/MISSING_ICON_ITEM_5995_item.steelshears.png, java.io.FileNotFoundException
[16:15:08] [Client thread/ERROR]: Using missing texture, unable to load missing_icon_item_6574_extrautils:textures/items/lawSword.png, java.io.FileNotFoundException
[16:15:08] [Client thread/ERROR]: Using missing texture, unable to load minecraft:textures/items/MISSING_ICON_ITEM_5991_item.steelhoe.png, java.io.FileNotFoundException
[16:15:08] [Client thread/ERROR]: Using missing texture, unable to load minecraft:textures/items/MISSING_ICON_ITEM_5990_item.bedrockhoe.png, java.io.FileNotFoundException
[16:15:08] [Client thread/ERROR]: Using missing texture, unable to load minecraft:textures/items/MISSING_ICON_ITEM_6151_extracells.fluid.item.png, java.io.FileNotFoundException
[16:15:08] [Client thread/ERROR]: Using missing texture, unable to load alchemicalwizardry:textures/items/SigilOfTheFastMiner.png, java.io.FileNotFoundException
[16:15:08] [Client thread/INFO]: Created: 2048x2048 textures/items-atlas
[16:16:04] [Client thread/INFO]: Reloading ResourceManager: Default, FMLFileResourcePack:Forge Mod Loader, FMLFileResourcePack:Minecraft Forge, FMLFileResourcePack:Not Enough Items, FMLFileResourcePack:Malisis Core, FMLFileResourcePack:Damage Indicators, FMLFileResourcePack:IC2 Advanced Machines Addon, FMLFileResourcePack:Another One Bites The Dust, FMLFileResourcePack:AppleCore, FMLFileResourcePack:Applied Energistics 2, FMLFileResourcePack:Aroma1997Core|Helper, FMLFileResourcePack:Aroma1997's Dimensional World, FMLFileResourcePack:Backpack, FMLFileResourcePack:BD Lib, FMLFileResourcePack:BetterChests, FMLFileResourcePack:BiblioCraft, FMLFileResourcePack:BiblioWoods Biomes O'Plenty Edition, FMLFileResourcePack:BiblioWoods Forestry Edition, FMLFileResourcePack:BiblioWoods Natura Edition, FMLFileResourcePack:Botany, FMLFileResourcePack:Binnie Core, FMLFileResourcePack:Extra Bees, FMLFileResourcePack:Extra Trees, FMLFileResourcePack:Genetics, FMLFileResourcePack:Biomes O' Plenty, FMLFileResourcePack:Blood Magic: Alchemical Wizardry, FMLFileResourcePack:Botania, FMLFileResourcePack:BC Silicon, FMLFileResourcePack:BuildCraft, FMLFileResourcePack:BC Transport, FMLFileResourcePack:BC Builders, FMLFileResourcePack:BC Energy, FMLFileResourcePack:BC Factory, FMLFileResourcePack:Carpenter's Blocks, FMLFileResourcePack:ChickenChunks, FMLFileResourcePack:Chisel 2, FMLFileResourcePack:ChromatiCraft, FMLFileResourcePack:CoFH Core, FMLFileResourcePack:ComputerCraft, FMLFileResourcePack:DragonAPI, FMLFileResourcePack:ElectriCraft, FMLFileResourcePack:Enchiridion, FMLFileResourcePack:Ender IO, FMLFileResourcePack:EnderStorage, FMLFileResourcePack:EnderTech, FMLFileResourcePack:Ender Zoo, FMLFileResourcePack:EnhancedPortals, FMLFileResourcePack:ExtraButtons, FMLFileResourcePack:ExtraCells, FMLFileResourcePack:ExtraTiC, FMLFileResourcePack:Extra Utilities, FMLFileResourcePack:Familiars API, FMLFileResourcePack:DefaultMobPack, FMLFileResourcePack:ExtendedFamPack, FMLFileResourcePack:HerobrineFamPack, FMLFileResourcePack:FastCraft, FMLFileResourcePack:Fluxed-Crystals, FMLFileResourcePack:Forbidden Magic, FMLFileResourcePack:Forestry for Minecraft, FMLFileResourcePack:Forestry Extras, FMLFileResourcePack:FoxLib, FMLFileResourcePack:Funky Locomotion, FMLFileResourcePack:Gany's End, FMLFileResourcePack:Gany's Nether, FMLFileResourcePack:Gany's Surface, FMLFileResourcePack:GenDustry, FMLFileResourcePack:GraviGun, FMLFileResourcePack:Hats, FMLFileResourcePack:Hunger Overhaul, FMLFileResourcePack:Nuclear Control 2, FMLFileResourcePack:iChunUtil, FMLFileResourcePack:Iguana Tinker Tweaks, FMLFileResourcePack:In-Game wiki Mod, FMLFileResourcePack:IHL Tools & Machines for IC2V2, FMLFileResourcePack:IndustrialCraft 2, FMLFileResourcePack:Infernal Mobs, FMLFileResourcePack:Inventory Tweaks, FMLFileResourcePack:Iron Chest, FMLFileResourcePack:JABBA, FMLFileResourcePack:JourneyMap, FMLFileResourcePack:Logistics Pipes, FMLFileResourcePack:Magical Crops, FMLFileResourcePack:Magic Bees, FMLFileResourcePack:Malisis' Doors, FMLFileResourcePack:Mantle, FMLFileResourcePack:Mariculture, FMLFileResourcePack:Marine Technlogy, FMLFileResourcePack:Mekanism, FMLFileResourcePack:MekanismGenerators, FMLFileResourcePack:MekanismTools, FMLFileResourcePack:Metallurgy 4, FMLFileResourcePack:Metallurgy Core, FMLFileResourcePack:Minechem, FMLFileResourcePack:MineFactory Reloaded, FMLFileResourcePack:MFR Compat: Applied Energistics, FMLFileResourcePack:MFR Compat: Atum, FMLFileResourcePack:MFR Compat: BackTools, FMLFileResourcePack:MFR Compat: BuildCraft, FMLFileResourcePack:MFR Compat: Chococraft, FMLFileResourcePack:MFR Compat: ExtraBiomes, FMLFileResourcePack:MFR Compat: Forestry, FMLFileResourcePack:MFR Compat: ForgeMicroblock, FMLFileResourcePack:MFR Compat: IC2, FMLFileResourcePack:MFR Compat: Mystcraft, FMLFileResourcePack:MFR Compat ProjectRed, FMLFileResourcePack:MFR Compat: Railcraft, FMLFileResourcePack:MFR Compat: Sufficient Biomes, FMLFileResourcePack:MFR Compat: Thaumcraft, FMLFileResourcePack:MFR Compat: Thermal Expansion, FMLFileResourcePack:MFR Compat: Tinkers' Construct, FMLFileResourcePack:MFR Compat: TwilightForest, FMLFileResourcePack:MFR Compat: Vanilla, FMLFileResourcePack:MFR Compat: MagicalCrops, FMLFileResourcePack:MineTweaker 3, FMLFileResourcePack:MobAmputation, FMLFileResourcePack:MobDismemberment, FMLFileResourcePack:Morph, FMLFileResourcePack:Morpheus, FMLFileResourcePack:Mystcraft, FMLFileResourcePack:Natura, FMLFileResourcePack:NEI Addons, FMLFileResourcePack:NEI Addons: Botany, FMLFileResourcePack:NEI Addons: Forestry, FMLFileResourcePack:NEI Addons: Crafting Tables, FMLFileResourcePack:NEI Addons: Ex Nihilo, FMLFileResourcePack:NEI Plugins Unofficial, FMLFileResourcePack:Nether Ores, FMLFileResourcePack:ObsidiPlates, FMLFileResourcePack:OpenBlocks, FMLFileResourcePack:OpenComputers, FMLFileResourcePack:OpenMods, FMLFileResourcePack:OpenPeripheralAddons, FMLFileResourcePack:OpenPeripheralCore, FMLFileResourcePack:OpenPeripheralIntegration, FMLFileResourcePack:Pam's HarvestCraft, FMLFileResourcePack:PneumaticCraft, FMLFileResourcePack:PortalGun, FMLFileResourcePack:Power Converters, FMLFileResourcePack:Practicalities, FMLFileResourcePack:Progressive Automation, FMLFileResourcePack:Project Blue, FMLFileResourcePack:ProjectRed, FMLFileResourcePack:ProjectRed-Compatibility, FMLFileResourcePack:ProjectRed-Integration, FMLFileResourcePack:ProjectRed-Transmission, FMLFileResourcePack:ProjectRed-Illumination, FMLFileResourcePack:ProjectRed-Expansion, FMLFileResourcePack:ProjectRed-Transportation, FMLFileResourcePack:ProjectRed-Exploration, FMLFileResourcePack:Railcraft, FMLFileResourcePack:Random Things, FMLFileResourcePack:ReactorCraft, FMLFileResourcePack:Redstone Arsenal, FMLFileResourcePack:Roguelike Dungeons, FMLFileResourcePack:RotaryCraft, FMLFileResourcePack:Simply Jetpacks, FMLFileResourcePack:Slimevoid Library, FMLFileResourcePack:Smart Moving, FMLFileResourcePack:Smart Render, FMLFileResourcePack:Solar Flux, FMLFileResourcePack:Steve's Carts 2, FMLFileResourcePack:Steve's Factory Manager, FMLFileResourcePack:Super Crafting Frame, FMLFileResourcePack:Sync, FMLFileResourcePack:Tails, FMLFileResourcePack:Tinkers' Construct, FMLFileResourcePack:Thaumcraft, FMLFileResourcePack:Thaumic Exploration, FMLFileResourcePack:Thaumic Tinkerer, FMLFileResourcePack:Thermal Dynamics, FMLFileResourcePack:Thermal Expansion, FMLFileResourcePack:Thermal Foundation, FMLFileResourcePack:TiC Tooltips, FMLFileResourcePack:Tinkers' Mechworks, FMLFileResourcePack:Translocator, FMLFileResourcePack:ttCore, FMLFileResourcePack:Waila, FMLFileResourcePack:Waila Harvestability, FMLFileResourcePack:WaslieCore, FMLFileResourcePack:What Are We Looking At, FMLFileResourcePack:Witchery, FMLFileResourcePack:WR-CBE Core, FMLFileResourcePack:WR-CBE Addons, FMLFileResourcePack:WR-CBE Logic, FMLFileResourcePack:Baubles, FMLFileResourcePack:Forge Microblocks, FMLFileResourcePack:Forge Multipart, FMLFileResourcePack:Minecraft Multipart Plugin, FMLFileResourcePack:MrTJPCore, PortalGunSounds.pak, FMLFileResourcePack:Carpenter's Blocks Cached Resources
[16:16:04] [Client thread/WARN]: ResourcePack: ignored non-lowercase namespace: %s in %s
[16:16:04] [Client thread/WARN]: ResourcePack: ignored non-lowercase namespace: %s in %s
[16:16:04] [Client thread/WARN]: ResourcePack: ignored non-lowercase namespace: %s in %s
[16:16:04] [Client thread/WARN]: ResourcePack: ignored non-lowercase namespace: %s in %s
[16:16:04] [Client thread/WARN]: ResourcePack: ignored non-lowercase namespace: %s in %s
[16:16:04] [Client thread/WARN]: ResourcePack: ignored non-lowercase namespace: %s in %s
[16:16:04] [Client thread/WARN]: ResourcePack: ignored non-lowercase namespace: %s in %s
[16:16:04] [Client thread/WARN]: ResourcePack: ignored non-lowercase namespace: %s in %s
[16:16:04] [Client thread/WARN]: ResourcePack: ignored non-lowercase namespace: %s in %s
[16:16:04] [Client thread/WARN]: ResourcePack: ignored non-lowercase namespace: %s in %s
[16:16:04] [Client thread/WARN]: ResourcePack: ignored non-lowercase namespace: %s in %s
[16:16:04] [Client thread/WARN]: ResourcePack: ignored non-lowercase namespace: %s in %s
[16:16:04] [Client thread/WARN]: ResourcePack: ignored non-lowercase namespace: %s in %s
[16:16:04] [Client thread/WARN]: ResourcePack: ignored non-lowercase namespace: %s in %s
[16:16:04] [Client thread/WARN]: ResourcePack: ignored non-lowercase namespace: %s in %s
[16:16:07] [Client thread/ERROR]: Using missing texture, unable to load chromaticraft:textures/blocks/ore/tier_1_geode.png, java.io.FileNotFoundException
[16:16:07] [Client thread/ERROR]: Using missing texture, unable to load minecraft:textures/blocks/MISSING_ICON_BLOCK_1927_crystal.fence.png, java.io.FileNotFoundException
[16:16:07] [Client thread/ERROR]: Using missing texture, unable to load thaumicexploration:textures/blocks/soulBrazier.png, java.io.FileNotFoundException
[16:16:07] [Client thread/ERROR]: Using missing texture, unable to load chromaticraft:textures/blocks/plant/tierplant_9_front.png, java.io.FileNotFoundException
[16:16:07] [Client thread/ERROR]: Using missing texture, unable to load chromaticraft:textures/blocks/ore/tier_7_overlay.png, java.io.FileNotFoundException
[16:16:07] [Client thread/ERROR]: Using missing texture, unable to load chromaticraft:textures/blocks/ore/tier_10_overlay.png, java.io.FileNotFoundException
[16:16:07] [Client thread/ERROR]: Using missing texture, unable to load chromaticraft:textures/blocks/plant/decoplant_15_front.png, java.io.FileNotFoundException
[16:16:07] [Client thread/ERROR]: Using missing texture, unable to load ttinkerer:textures/blocks/repairer.png, java.io.FileNotFoundException
[16:16:07] [Client thread/ERROR]: Using missing texture, unable to load chromaticraft:textures/blocks/plant/tierplant_8_front.png, java.io.FileNotFoundException
[16:16:08] [Client thread/ERROR]: Using missing texture, unable to load minecraft:textures/blocks/MISSING_ICON_BLOCK_520_bookshelf.png, java.io.FileNotFoundException
[16:16:08] [Client thread/ERROR]: Using missing texture, unable to load chromaticraft:textures/blocks/ore/tier_13_overlay.png, java.io.FileNotFoundException
[16:16:08] [Client thread/ERROR]: Using missing texture, unable to load minecraft:textures/blocks/MISSING_ICON_BLOCK_855_blockSpellEnhancement.png, java.io.FileNotFoundException
[16:16:08] [Client thread/ERROR]: Using missing texture, unable to load minecraft:textures/blocks/MISSING_ICON_BLOCK_2077_extracells.block.walrus.png, java.io.FileNotFoundException
[16:16:08] [Client thread/ERROR]: Using missing texture, unable to load extrautils:textures/blocks/quarry_upgrades/quarryUpgrade14.png, java.io.FileNotFoundException
[16:16:08] [Client thread/ERROR]: Using missing texture, unable to load extrautils:textures/blocks/quarry_upgrades/quarryUpgrade13.png, java.io.FileNotFoundException
[16:16:08] [Client thread/ERROR]: Using missing texture, unable to load extrautils:textures/blocks/quarry_upgrades/quarryUpgrade15.png, java.io.FileNotFoundException
[16:16:08] [Client thread/ERROR]: Using missing texture, unable to load extrautils:textures/blocks/quarry_upgrades/quarryUpgrade10.png, java.io.FileNotFoundException
[16:16:08] [Client thread/ERROR]: Using missing texture, unable to load extrautils:textures/blocks/quarry_upgrades/quarryUpgrade12.png, java.io.FileNotFoundException
[16:16:08] [Client thread/ERROR]: Using missing texture, unable to load extrautils:textures/blocks/quarry_upgrades/quarryUpgrade11.png, java.io.FileNotFoundException
[16:16:08] [Client thread/ERROR]: Using missing texture, unable to load chromaticraft:textures/blocks/tile/liquifier_side.png, java.io.FileNotFoundException
[16:16:08] [Client thread/ERROR]: Using missing texture, unable to load chromaticraft:textures/blocks/plant/decoplant_6_back.png, java.io.FileNotFoundException
[16:16:08] [Client thread/ERROR]: Using missing texture, unable to load chromaticraft:textures/blocks/plant/tierplant_7_front.png, java.io.FileNotFoundException
[16:16:08] [Client thread/ERROR]: Using missing texture, unable to load chromaticraft:textures/blocks/plant/tierplant_6_back.png, java.io.FileNotFoundException
[16:16:09] [Client thread/ERROR]: Using missing texture, unable to load chromaticraft:textures/blocks/plant/decoplant_13_front.png, java.io.FileNotFoundException
[16:16:09] [Client thread/ERROR]: Using missing texture, unable to load chromaticraft:textures/blocks/plant/tierplant_11_back.png, java.io.FileNotFoundException
[16:16:09] [Client thread/ERROR]: Using missing texture, unable to load minecraft:textures/blocks/MISSING_ICON_BLOCK_1923_dye.grass_side_overlay.png, java.io.FileNotFoundException
[16:16:09] [Client thread/ERROR]: Using missing texture, unable to load chromaticraft:textures/blocks/plant/decoplant_10_back.png, java.io.FileNotFoundException
[16:16:09] [Client thread/ERROR]: Using missing texture, unable to load chromaticraft:textures/blocks/ore/tier_14_underlay.png, java.io.FileNotFoundException
[16:16:09] [Client thread/ERROR]: Using missing texture, unable to load chromaticraft:textures/blocks/plant/decoplant_3_back.png, java.io.FileNotFoundException
[16:16:09] [Client thread/ERROR]: Using missing texture, unable to load chromaticraft:textures/blocks/ore/tier_6_overlay.png, java.io.FileNotFoundException
[16:16:09] [Client thread/ERROR]: Using missing texture, unable to load chromaticraft:textures/blocks/plant/tierplant_5_front.png, java.io.FileNotFoundException
[16:16:09] [Client thread/ERROR]: Using missing texture, unable to load chromaticraft:textures/blocks/ore/tier_6_underlay.png, java.io.FileNotFoundException
[16:16:09] [Client thread/ERROR]: Using missing texture, unable to load minecraft:textures/blocks/MISSING_ICON_BLOCK_857_blockSpellEffect.png, java.io.FileNotFoundException
[16:16:09] [Client thread/ERROR]: Using missing texture, unable to load chromaticraft:textures/blocks/plant/decoplant_8_back.png, java.io.FileNotFoundException
[16:16:10] [Client thread/ERROR]: Using missing texture, unable to load chromaticraft:textures/blocks/ore/tier_14_overlay.png, java.io.FileNotFoundException
[16:16:10] [Client thread/ERROR]: Using missing texture, unable to load chromaticraft:textures/blocks/plant/decoplant_10_front.png, java.io.FileNotFoundException
[16:16:10] [Client thread/ERROR]: Using missing texture, unable to load chromaticraft:textures/blocks/plant/decoplant_11_front.png, java.io.FileNotFoundException
[16:16:10] [Client thread/ERROR]: Using missing texture, unable to load chromaticraft:textures/blocks/transparent.png, java.io.FileNotFoundException
[16:16:10] [Client thread/ERROR]: Using missing texture, unable to load chromaticraft:textures/blocks/ore/tier_14_geode.png, java.io.FileNotFoundException
[16:16:10] [Client thread/ERROR]: Using missing texture, unable to load chromaticraft:textures/blocks/plant/decoplant_12_front.png, java.io.FileNotFoundException
[16:16:10] [Client thread/ERROR]: Using missing texture, unable to load chromaticraft:textures/blocks/plant/tierplant_6_front.png, java.io.FileNotFoundException
[16:16:10] [Client thread/ERROR]: Using missing texture, unable to load chromaticraft:textures/blocks/plant/tierplant_11_front.png, java.io.FileNotFoundException
[16:16:10] [Client thread/ERROR]: Using missing texture, unable to load chromaticraft:textures/blocks/ore/tier_15_underlay.png, java.io.FileNotFoundException
[16:16:10] [Client thread/ERROR]: Using missing texture, unable to load minecraft:textures/blocks/MISSING_ICON_BLOCK_863_crystalBelljar.png, java.io.FileNotFoundException
[16:16:10] [Client thread/ERROR]: Using missing texture, unable to load chromaticraft:textures/blocks/ore/tier_7_geode.png, java.io.FileNotFoundException
[16:16:10] [Client thread/ERROR]: Using missing texture, unable to load chromaticraft:textures/blocks/ore/tier_10_underlay.png, java.io.FileNotFoundException
[16:16:10] [Client thread/ERROR]: Using missing texture, unable to load chromaticraft:textures/blocks/plant/tierplant_14_back.png, java.io.FileNotFoundException
[16:16:10] [Client thread/ERROR]: Using missing texture, unable to load chromaticraft:textures/blocks/plant/decoplant_7_front.png, java.io.FileNotFoundException
[16:16:10] [Client thread/ERROR]: Using missing texture, unable to load chromaticraft:textures/blocks/ore/tier_15_geode.png, java.io.FileNotFoundException
[16:16:10] [Client thread/ERROR]: Using missing texture, unable to load chromaticraft:textures/blocks/plant/decoplant_14_back.png, java.io.FileNotFoundException
[16:16:10] [Client thread/ERROR]: Using missing texture, unable to load chromaticraft:textures/blocks/plant/tierplant_9_back.png, java.io.FileNotFoundException
[16:16:10] [Client thread/ERROR]: Using missing texture, unable to load chromaticraft:textures/blocks/ore/tier_8_geode.png, java.io.FileNotFoundException
[16:16:10] [Client thread/ERROR]: Using missing texture, unable to load chromaticraft:textures/blocks/plant/decoplant_11_back.png, java.io.FileNotFoundException
[16:16:10] [Client thread/ERROR]: Using missing texture, unable to load nuclearcontrol:textures/blocks/light/lamp2.png, java.io.FileNotFoundException
[16:16:10] [Client thread/ERROR]: Using missing texture, unable to load extracells:textures/blocks/fluid.filler.png, java.io.FileNotFoundException
[16:16:10] [Client thread/ERROR]: Using missing texture, unable to load chromaticraft:textures/blocks/plant/tierplant_10_front.png, java.io.FileNotFoundException
[16:16:10] [Client thread/ERROR]: Using missing texture, unable to load minecraft:textures/blocks/planks.png, java.io.FileNotFoundException
[16:16:11] [Client thread/ERROR]: Using missing texture, unable to load chromaticraft:textures/blocks/icons/turbo.png, java.io.FileNotFoundException
[16:16:11] [Client thread/ERROR]: Using missing texture, unable to load chromaticraft:textures/blocks/plant/decoplant_6_front.png, java.io.FileNotFoundException
[16:16:11] [Client thread/ERROR]: Using missing texture, unable to load chromaticraft:textures/blocks/dimgen/overlay_5.png, java.io.FileNotFoundException
[16:16:11] [Client thread/ERROR]: Using missing texture, unable to load chromaticraft:textures/blocks/dimgen/overlay_6.png, java.io.FileNotFoundException
[16:16:11] [Client thread/ERROR]: Using missing texture, unable to load chromaticraft:textures/blocks/dimgen/overlay_7.png, java.io.FileNotFoundException
[16:16:11] [Client thread/ERROR]: Using missing texture, unable to load chromaticraft:textures/blocks/dimgen/overlay_8.png, java.io.FileNotFoundException
[16:16:11] [Client thread/ERROR]: Using missing texture, unable to load chromaticraft:textures/blocks/dimgen/overlay_2.png, java.io.FileNotFoundException
[16:16:11] [Client thread/ERROR]: Using missing texture, unable to load chromaticraft:textures/blocks/dimgen/overlay_3.png, java.io.FileNotFoundException
[16:16:11] [Client thread/ERROR]: Using missing texture, unable to load chromaticraft:textures/blocks/dimgen/overlay_4.png, java.io.FileNotFoundException
[16:16:11] [Client thread/ERROR]: Using missing texture, unable to load chromaticraft:textures/blocks/dimgen/overlay_9.png, java.io.FileNotFoundException
[16:16:11] [Client thread/ERROR]: Using missing texture, unable to load extrautils:textures/blocks/enderQuarryUpgrade.png, java.io.FileNotFoundException
[16:16:11] [Client thread/ERROR]: Using missing texture, unable to load chromaticraft:textures/blocks/ore/tier_15_overlay.png, java.io.FileNotFoundException
[16:16:11] [Client thread/ERROR]: Using missing texture, unable to load chromaticraft:textures/blocks/plant/decoplant_4_back.png, java.io.FileNotFoundException
[16:16:11] [Client thread/ERROR]: Using missing texture, unable to load chromaticraft:textures/blocks/plant/decoplant_1_back.png, java.io.FileNotFoundException
[16:16:11] [Client thread/ERROR]: Using missing texture, unable to load mekanism:textures/blocks/models/SmallTransmitterHorizontal.png, java.io.FileNotFoundException
[16:16:11] [Client thread/ERROR]: Using missing texture, unable to load minecraft:textures/blocks/MISSING_ICON_BLOCK_1942_chroma.voidrift.png, java.io.FileNotFoundException
[16:16:11] [Client thread/ERROR]: Using missing texture, unable to load chromaticraft:textures/blocks/plant/decoplant_3_front.png, java.io.FileNotFoundException
[16:16:11] [Client thread/ERROR]: Using missing texture, unable to load chromaticraft:textures/blocks/plant/tierplant_5_back.png, java.io.FileNotFoundException
[16:16:11] [Client thread/ERROR]: Using missing texture, unable to load chromaticraft:textures/blocks/plant/decoplant_7_back.png, java.io.FileNotFoundException
[16:16:12] [Client thread/ERROR]: Using missing texture, unable to load ttinkerer:textures/blocks/magnet.png, java.io.FileNotFoundException
[16:16:12] [Client thread/ERROR]: Using missing texture, unable to load chromaticraft:textures/blocks/ore/tier_9_geode.png, java.io.FileNotFoundException
[16:16:12] [Client thread/ERROR]: Using missing texture, unable to load chromaticraft:textures/blocks/plant/tierplant_10_back.png, java.io.FileNotFoundException
[16:16:12] [Client thread/ERROR]: Using missing texture, unable to load chromaticraft:textures/blocks/plant/decoplant_5_front.png, java.io.FileNotFoundException
[16:16:12] [Client thread/ERROR]: Using missing texture, unable to load chromaticraft:textures/blocks/plant/decoplant_12_back.png, java.io.FileNotFoundException
[16:16:12] [Client thread/ERROR]: Using missing texture, unable to load thaumicexploration:textures/blocks/metalbase.png, java.io.FileNotFoundException
[16:16:12] [Client thread/ERROR]: Using missing texture, unable to load chromaticraft:textures/blocks/ore/tier_12_overlay.png, java.io.FileNotFoundException
[16:16:12] [Client thread/ERROR]: Using missing texture, unable to load minecraft:textures/blocks/MISSING_ICON_BLOCK_1923_dye.grass_side.png, java.io.FileNotFoundException
[16:16:12] [Client thread/ERROR]: Using missing texture, unable to load chromaticraft:textures/blocks/plant/tierplant_15_front.png, java.io.FileNotFoundException
[16:16:12] [Client thread/ERROR]: Using missing texture, unable to load chromaticraft:textures/blocks/plant/decoplant_15_back.png, java.io.FileNotFoundException
[16:16:12] [Client thread/ERROR]: Using missing texture, unable to load chromaticraft:textures/blocks/plant/tierplant_13_back.png, java.io.FileNotFoundException
[16:16:12] [Client thread/ERROR]: Using missing texture, unable to load chromaticraft:textures/blocks/plant/decoplant_8_front.png, java.io.FileNotFoundException
[16:16:12] [Client thread/ERROR]: Using missing texture, unable to load chromaticraft:textures/blocks/dimgen/underlay_0.png, java.io.FileNotFoundException
[16:16:12] [Client thread/ERROR]: Using missing texture, unable to load chromaticraft:textures/blocks/ore/tier_8_overlay.png, java.io.FileNotFoundException
[16:16:12] [Client thread/ERROR]: Using missing texture, unable to load minecraft:textures/blocks/MISSING_ICON_BLOCK_1923_dye.grass_side_snowed.png, java.io.FileNotFoundException
[16:16:12] [Client thread/ERROR]: Using missing texture, unable to load chromaticraft:textures/blocks/dimgen/underlay_8.png, java.io.FileNotFoundException
[16:16:12] [Client thread/ERROR]: Using missing texture, unable to load chromaticraft:textures/blocks/dimgen/underlay_7.png, java.io.FileNotFoundException
[16:16:12] [Client thread/ERROR]: Using missing texture, unable to load chromaticraft:textures/blocks/dimgen/underlay_6.png, java.io.FileNotFoundException
[16:16:12] [Client thread/ERROR]: Using missing texture, unable to load chromaticraft:textures/blocks/dimgen/underlay_5.png, java.io.FileNotFoundException
[16:16:12] [Client thread/ERROR]: Using missing texture, unable to load chromaticraft:textures/blocks/dimgen/underlay_4.png, java.io.FileNotFoundException
[16:16:12] [Client thread/ERROR]: Using missing texture, unable to load chromaticraft:textures/blocks/dimgen/underlay_3.png, java.io.FileNotFoundException
[16:16:12] [Client thread/ERROR]: Using missing texture, unable to load chromaticraft:textures/blocks/dimgen/underlay_2.png, java.io.FileNotFoundException
[16:16:12] [Client thread/ERROR]: Using missing texture, unable to load chromaticraft:textures/blocks/dimgen/underlay_9.png, java.io.FileNotFoundException
[16:16:12] [Client thread/ERROR]: Using missing texture, unable to load chromaticraft:textures/blocks/dimgen/underlay_14.png, java.io.FileNotFoundException
[16:16:12] [Client thread/ERROR]: Using missing texture, unable to load chromaticraft:textures/blocks/dimgen/underlay_15.png, java.io.FileNotFoundException
[16:16:12] [Client thread/ERROR]: Using missing texture, unable to load chromaticraft:textures/blocks/dimgen/underlay_12.png, java.io.FileNotFoundException
[16:16:12] [Client thread/ERROR]: Using missing texture, unable to load chromaticraft:textures/blocks/dimgen/underlay_13.png, java.io.FileNotFoundException
[16:16:12] [Client thread/ERROR]: Using missing texture, unable to load chromaticraft:textures/blocks/dimgen/underlay_10.png, java.io.FileNotFoundException
[16:16:12] [Client thread/ERROR]: Using missing texture, unable to load chromaticraft:textures/blocks/dimgen/underlay_11.png, java.io.FileNotFoundException
[16:16:12] [Client thread/ERROR]: Using missing texture, unable to load chromaticraft:textures/blocks/plant/decoplant_4_front.png, java.io.FileNotFoundException
[16:16:12] [Client thread/ERROR]: Using missing texture, unable to load chromaticraft:textures/blocks/plant/tierplant_8_back.png, java.io.FileNotFoundException
[16:16:12] [Client thread/ERROR]: Using missing texture, unable to load chromaticraft:textures/blocks/ore/tier_7_underlay.png, java.io.FileNotFoundException
[16:16:12] [Client thread/ERROR]: Using missing texture, unable to load chromaticraft:textures/blocks/tile/liquifier_top.png, java.io.FileNotFoundException
[16:16:12] [Client thread/ERROR]: Using missing texture, unable to load minecraft:textures/blocks/MISSING_ICON_BLOCK_866_blockMimic.png, java.io.FileNotFoundException
[16:16:12] [Client thread/ERROR]: Using missing texture, unable to load chromaticraft:textures/blocks/ore/tier_12_underlay.png, java.io.FileNotFoundException
[16:16:13] [Client thread/ERROR]: Using missing texture, unable to load chromaticraft:textures/blocks/ore/tier_13_geode.png, java.io.FileNotFoundException
[16:16:13] [Client thread/ERROR]: Using missing texture, unable to load chromaticraft:textures/blocks/plant/tierplant_12_front.png, java.io.FileNotFoundException
[16:16:13] [Client thread/ERROR]: Using missing texture, unable to load chromaticraft:textures/blocks/plant/tierplant_12_back.png, java.io.FileNotFoundException
[16:16:13] [Client thread/ERROR]: Using missing texture, unable to load minecraft:textures/blocks/MISSING_ICON_BLOCK_856_blockSpellModifier.png, java.io.FileNotFoundException
[16:16:13] [Client thread/ERROR]: Using missing texture, unable to load minecraft:textures/blocks/MISSING_ICON_BLOCK_862_alchemicCalcinator.png, java.io.FileNotFoundException
[16:16:13] [Client thread/ERROR]: Using missing texture, unable to load chromaticraft:textures/blocks/plant/tierplant_7_back.png, java.io.FileNotFoundException
[16:16:13] [Client thread/ERROR]: Using missing texture, unable to load chromaticraft:textures/blocks/plant/tierplant_13_front.png, java.io.FileNotFoundException
[16:16:13] [Client thread/ERROR]: Using missing texture, unable to load mekanism:textures/blocks/models/SmallTransmitterVertical.png, java.io.FileNotFoundException
[16:16:13] [Client thread/ERROR]: Using missing texture, unable to load chromaticraft:textures/blocks/plant/decoplant_13_back.png, java.io.FileNotFoundException
[16:16:13] [Client thread/ERROR]: Using missing texture, unable to load minecraft:textures/blocks/MISSING_ICON_BLOCK_1923_dye.grass_top.png, java.io.FileNotFoundException
[16:16:13] [Client thread/ERROR]: Using missing texture, unable to load chromaticraft:textures/blocks/plant/decoplant_5_back.png, java.io.FileNotFoundException
[16:16:13] [Client thread/ERROR]: Using missing texture, unable to load chromaticraft:textures/blocks/plant/tierplant_15_back.png, java.io.FileNotFoundException
[16:16:13] [Client thread/ERROR]: Using missing texture, unable to load chromaticraft:textures/blocks/ore/tier_5_geode.png, java.io.FileNotFoundException
[16:16:13] [Client thread/ERROR]: Using missing texture, unable to load chromaticraft:textures/blocks/plant/decoplant_9_front.png, java.io.FileNotFoundException
[16:16:13] [Client thread/ERROR]: Using missing texture, unable to load chromaticraft:textures/blocks/plant/decoplant_1_front.png, java.io.FileNotFoundException
[16:16:13] [Client thread/ERROR]: Using missing texture, unable to load chromaticraft:textures/blocks/plant/decoplant_2_front.png, java.io.FileNotFoundException
[16:16:13] [Client thread/ERROR]: Using missing texture, unable to load minecraft:textures/blocks/MISSING_ICON_BLOCK_1937_chroma.loot.png, java.io.FileNotFoundException
[16:16:13] [Client thread/ERROR]: Using missing texture, unable to load chromaticraft:textures/blocks/plant/0_7.png, java.io.FileNotFoundException
[16:16:13] [Client thread/ERROR]: Using missing texture, unable to load chromaticraft:textures/blocks/plant/0_6.png, java.io.FileNotFoundException
[16:16:13] [Client thread/ERROR]: Using missing texture, unable to load chromaticraft:textures/blocks/plant/0_5.png, java.io.FileNotFoundException
[16:16:13] [Client thread/ERROR]: Using missing texture, unable to load chromaticraft:textures/blocks/plant/tierplant_14_front.png, java.io.FileNotFoundException
[16:16:13] [Client thread/ERROR]: Using missing texture, unable to load chromaticraft:textures/blocks/plant/decoplant_14_front.png, java.io.FileNotFoundException
[16:16:14] [Client thread/ERROR]: Using missing texture, unable to load chromaticraft:textures/blocks/plant/decoplant_2_back.png, java.io.FileNotFoundException
[16:16:14] [Client thread/ERROR]: Using missing texture, unable to load minecraft:textures/blocks/MISSING_ICON_BLOCK_1938_chroma.portal.png, java.io.FileNotFoundException
[16:16:14] [Client thread/ERROR]: Using missing texture, unable to load minecraft:textures/blocks/MISSING_ICON_BLOCK_854_blockSpellParadigm.png, java.io.FileNotFoundException
[16:16:14] [Client thread/ERROR]: Using missing texture, unable to load chromaticraft:textures/blocks/ore/tier_8_underlay.png, java.io.FileNotFoundException
[16:16:14] [Client thread/ERROR]: Using missing texture, unable to load minecraft:textures/blocks/MISSING_ICON_BLOCK_860_schematicSaver.png, java.io.FileNotFoundException
[16:16:14] [Client thread/ERROR]: Using missing texture, unable to load chromaticraft:textures/blocks/dimgen/overlay_15.png, java.io.FileNotFoundException
[16:16:14] [Client thread/ERROR]: Using missing texture, unable to load chromaticraft:textures/blocks/dimgen/overlay_14.png, java.io.FileNotFoundException
[16:16:14] [Client thread/ERROR]: Using missing texture, unable to load chromaticraft:textures/blocks/dimgen/overlay_13.png, java.io.FileNotFoundException
[16:16:14] [Client thread/ERROR]: Using missing texture, unable to load chromaticraft:textures/blocks/dimgen/overlay_12.png, java.io.FileNotFoundException
[16:16:14] [Client thread/ERROR]: Using missing texture, unable to load chromaticraft:textures/blocks/dimgen/overlay_11.png, java.io.FileNotFoundException
[16:16:14] [Client thread/ERROR]: Using missing texture, unable to load chromaticraft:textures/blocks/dimgen/overlay_10.png, java.io.FileNotFoundException
[16:16:14] [Client thread/ERROR]: Using missing texture, unable to load chromaticraft:textures/blocks/ore/tier_11_geode.png, java.io.FileNotFoundException
[16:16:14] [Client thread/ERROR]: Using missing texture, unable to load chromaticraft:textures/blocks/plant/decoplant_9_back.png, java.io.FileNotFoundException
[16:16:14] [Client thread/ERROR]: Using missing texture, unable to load chromaticraft:textures/blocks/ore/tier_13_underlay.png, java.io.FileNotFoundException
[16:16:14] [Client thread/ERROR]: Using missing texture, unable to load chromaticraft:textures/blocks/tile/liquifier_bottom.png, java.io.FileNotFoundException
[16:16:15] [Client thread/INFO]: Created: 4096x2048 textures/blocks-atlas
[16:16:16] [Client thread/ERROR]: Using missing texture, unable to load minecraft:textures/items/MISSING_ICON_ITEM_8123_focusSmelt.png, java.io.FileNotFoundException
[16:16:16] [Client thread/ERROR]: Using missing texture, unable to load pneumaticcraft:textures/items/cannonBarrel.png, java.io.FileNotFoundException
[16:16:16] [Client thread/ERROR]: Using missing texture, unable to load microblock:textures/items/sawManyullyn.png, java.io.FileNotFoundException
[16:16:16] [Client thread/ERROR]: Using missing texture, unable to load minecraft:textures/items/MISSING_ICON_ITEM_8074_focusXPDrain.png, java.io.FileNotFoundException
[16:16:16] [Client thread/ERROR]: Using missing texture, unable to load minecraft:textures/items/MISSING_ICON_ITEM_8080_focusTelekinesis.png, java.io.FileNotFoundException
[16:16:16] [Client thread/ERROR]: Using missing texture, unable to load extrabees:textures/items/misc/blutoniumDust.png, java.io.FileNotFoundException
[16:16:16] [Client thread/ERROR]: Using missing texture, unable to load minecraft:textures/items/MISSING_ICON_ITEM_8084_focusDislocation.png, java.io.FileNotFoundException
[16:16:16] [Client thread/ERROR]: Using missing texture, unable to load minecraft:textures/items/MISSING_ICON_ITEM_8075_focusShadowbeam.png, java.io.FileNotFoundException
[16:16:16] [Client thread/ERROR]: Using missing texture, unable to load missing_icon_item_6591_extrautils:textures/items/microblocks.png, java.io.FileNotFoundException
[16:16:16] [Client thread/ERROR]: Using missing texture, unable to load minecraft:textures/items/MISSING_ICON_ITEM_5992_item.bedrocksword.png, java.io.FileNotFoundException
[16:16:17] [Client thread/ERROR]: Using missing texture, unable to load minecraft:textures/items/MISSING_ICON_ITEM_5993_item.steelsword.png, java.io.FileNotFoundException
[16:16:17] [Client thread/ERROR]: Using missing texture, unable to load ttinkerer:textures/items/ichorSwordGem.png, java.io.FileNotFoundException
[16:16:17] [Client thread/ERROR]: Using missing texture, unable to load ttinkerer:textures/items/ichorAxeGem.png, java.io.FileNotFoundException
[16:16:17] [Client thread/ERROR]: Using missing texture, unable to load minefactoryreloaded:textures/items/item.mfr.rednet.meter.debug.png, java.io.FileNotFoundException
[16:16:17] [Client thread/ERROR]: Using missing texture, unable to load minecraft:textures/items/MISSING_ICON_ITEM_5995_item.steelshears.png, java.io.FileNotFoundException
[16:16:17] [Client thread/ERROR]: Using missing texture, unable to load missing_icon_item_6574_extrautils:textures/items/lawSword.png, java.io.FileNotFoundException
[16:16:17] [Client thread/ERROR]: Using missing texture, unable to load alchemicalwizardry:textures/items/SigilOfTheFastMiner.png, java.io.FileNotFoundException
[16:16:17] [Client thread/ERROR]: Using missing texture, unable to load randomthings:textures/items/ginto.png, java.io.FileNotFoundException
[16:16:17] [Client thread/ERROR]: Using missing texture, unable to load microblock:textures/items/sawArdite.png, java.io.FileNotFoundException
[16:16:17] [Client thread/ERROR]: Using missing texture, unable to load minecraft:textures/items/MISSING_ICON_ITEM_8121_focusEnderChest.png, java.io.FileNotFoundException
[16:16:17] [Client thread/ERROR]: Using missing texture, unable to load alchemicalwizardry:textures/items/guide.png, java.io.FileNotFoundException
[16:16:17] [Client thread/ERROR]: Using missing texture, unable to load ttinkerer:textures/items/ichorPickGem.png, java.io.FileNotFoundException
[16:16:17] [Client thread/ERROR]: Using missing texture, unable to load ttinkerer:textures/items/mobAspect.png, java.io.FileNotFoundException
[16:16:17] [Client thread/ERROR]: Using missing texture, unable to load logisticspipes:textures/items/ItemPipeSignCreator.png, java.io.FileNotFoundException
[16:16:17] [Client thread/ERROR]: Using missing texture, unable to load minecraft:textures/items/MISSING_ICON_ITEM_8104_focusHeal.png, java.io.FileNotFoundException
[16:16:17] [Client thread/ERROR]: Using missing texture, unable to load microblock:textures/items/sawCobalt.png, java.io.FileNotFoundException
[16:16:17] [Client thread/ERROR]: Using missing texture, unable to load minecraft:textures/items/MISSING_ICON_ITEM_8107_focusFlight.png, java.io.FileNotFoundException
[16:16:17] [Client thread/ERROR]: Using missing texture, unable to load ttinkerer:textures/items/ichorShovelGem.png, java.io.FileNotFoundException
[16:16:18] [Client thread/ERROR]: Using missing texture, unable to load minecraft:textures/items/MISSING_ICON_ITEM_8117_focusRecall.png, java.io.FileNotFoundException
[16:16:18] [Client thread/ERROR]: Using missing texture, unable to load minecraft:textures/items/MISSING_ICON_ITEM_5994_item.bedrockshears.png, java.io.FileNotFoundException
[16:16:18] [Client thread/ERROR]: Using missing texture, unable to load minecraft:textures/items/MISSING_ICON_ITEM_5991_item.steelhoe.png, java.io.FileNotFoundException
[16:16:18] [Client thread/ERROR]: Using missing texture, unable to load minecraft:textures/items/MISSING_ICON_ITEM_5990_item.bedrockhoe.png, java.io.FileNotFoundException
[16:16:18] [Client thread/ERROR]: Using missing texture, unable to load minecraft:textures/items/MISSING_ICON_ITEM_6151_extracells.fluid.item.png, java.io.FileNotFoundException
[16:16:18] [Client thread/ERROR]: Using missing texture, unable to load logisticspipes:textures/items/itemUpgrade/LogicController.png, java.io.FileNotFoundException
[16:16:18] [Client thread/ERROR]: Using missing texture, unable to load minecraft:textures/items/MISSING_ICON_ITEM_8095_focusDeflect.png, java.io.FileNotFoundException
[16:16:18] [Client thread/INFO]: Created: 4096x2048 textures/items-atlas
[16:16:19] [Sound Library Loader/INFO]: Sound engine started
[16:19:18] [Client thread/INFO]: Stopping!
